  Assembling mymain.asm...
mymain.asm(1): error A2008: syntax error : .
mymain.asm(2): error A2008: syntax error : .
C:\masm32\include\windows.inc(9750): error A2008: syntax error : dword
C:\masm32\include\windows.inc(10183): error A2008: syntax error : frame
C:\masm32\include\windows.inc(16333): error A2008: syntax error : dword
C:\masm32\include\windows.inc(18862): error A2008: syntax error : Frame
C:\masm32\include\windows.inc(24749): error A2042: statement too complex
C:\masm32\include\winextra.inc(11052): error A2026: constant expected
C:\masm32\include\winextra.inc(11053): error A2026: constant expected
mymain.asm(20): error A2008: syntax error : invoke
mymain.asm(23): error A2008: syntax error : invoke
mymain.asm(24): error A2008: syntax error : ExitProcess
mymain.asm(35): error A2070: invalid instruction operands
mymain.asm(36): error A2070: invalid instruction operands
mymain.asm(40): error A2008: syntax error : invoke
mymain.asm(43): error A2008: syntax error : invoke
mymain.asm(45): error A2008: syntax error : invoke
mymain.asm(46): error A2008: syntax error : invoke
mymain.asm(59): error A2008: syntax error : invoke
mymain.asm(60): error A2008: syntax error : invoke
mymain.asm(62): error A2008: syntax error : .
mymain.asm(63): error A2008: syntax error : invoke
mymain.asm(64): error A2044: invalid character in file
mymain.asm(65): error A2008: syntax error : invoke
mymain.asm(66): error A2008: syntax error : invoke
mymain.asm(67): error A2008: syntax error : .
mymain.asm(73): error A2008: syntax error : invoke
mymain.asm(77): error A2008: syntax error : start
mymain.asm(78): error A2088: END directive required at end of file
mymain.asm(70): warning A6004: procedure argument or local not referenced : hInst
mymain.asm(75): warning A6004: procedure argument or local not referenced : hWnd
mymain.asm(75): warning A6004: procedure argument or local not referenced : uMsg
mymain.asm(75): warning A6004: procedure argument or local not referenced : wParam
mymain.asm(75): warning A6004: procedure argument or local not referenced : lParam
C:\Program Files\Microsoft Visual Studio\2022\Community\MSBuild\Microsoft\VC\v170\BuildCustomizations\masm.targets(70,5): error MSB3721: 命令“ml64.exe /c /nologo /Zi /Fo"x64\Debug\mymain.obj" /I "C:\masm32\include" /W3 /errorReport:prompt  /Tamymain.asm”已退出，返回代码为 1。
